<?xml version="1.0" encoding="UTF-8"?>
<coverage generated="1684268079587" clover="3.2.0">
  <project timestamp="1684268079587" name="All files">
    <metrics statements="24" coveredstatements="22" conditionals="8" coveredconditionals="5" methods="13" coveredmethods="13" elements="45" coveredelements="40" complexity="0" loc="24" ncloc="24" packages="1" files="1" classes="1"/>
    <file name="main.js" path="/Users/vault/Desktop/CS/the-odin-project/todoApp/ToDO-App-Completed/ToDo-Application/main.js">
      <metrics statements="24" coveredstatements="22" conditionals="8" coveredconditionals="5" methods="13" coveredmethods="13"/>
      <line num="5" count="9" type="stmt"/>
      <line num="8" count="4" type="stmt"/>
      <line num="11" count="2" type="cond" truecount="2" falsecount="0"/>
      <line num="12" count="1" type="stmt"/>
      <line num="14" count="1" type="stmt"/>
      <line num="19" count="9" type="stmt"/>
      <line num="20" count="9" type="stmt"/>
      <line num="23" count="2" type="stmt"/>
      <line num="26" count="4" type="stmt"/>
      <line num="30" count="1" type="cond" truecount="1" falsecount="1"/>
      <line num="31" count="0" type="stmt"/>
      <line num="33" count="1" type="stmt"/>
      <line num="36" count="5" type="stmt"/>
      <line num="39" count="1" type="stmt"/>
      <line num="40" count="1" type="cond" truecount="1" falsecount="1"/>
      <line num="41" count="0" type="stmt"/>
      <line num="48" count="2" type="stmt"/>
      <line num="51" count="1" type="stmt"/>
      <line num="55" count="3" type="stmt"/>
      <line num="59" count="1" type="stmt"/>
      <line num="60" count="1" type="cond" truecount="1" falsecount="1"/>
      <line num="61" count="1" type="stmt"/>
      <line num="63" count="1" type="stmt"/>
      <line num="67" count="1" type="stmt"/>
    </file>
  </project>
</coverage>
