TN:
SF:main.js
FN:4,(anonymous_0)
FN:7,(anonymous_1)
FN:10,(anonymous_2)
FN:18,(anonymous_3)
FN:22,(anonymous_4)
FN:25,(anonymous_5)
FN:29,(anonymous_6)
FN:35,(anonymous_7)
FN:38,(anonymous_8)
FN:47,(anonymous_9)
FN:50,(anonymous_10)
FN:54,(anonymous_11)
FN:58,(anonymous_12)
FNF:13
FNH:13
FNDA:9,(anonymous_0)
FNDA:4,(anonymous_1)
FNDA:2,(anonymous_2)
FNDA:9,(anonymous_3)
FNDA:2,(anonymous_4)
FNDA:4,(anonymous_5)
FNDA:1,(anonymous_6)
FNDA:5,(anonymous_7)
FNDA:1,(anonymous_8)
FNDA:2,(anonymous_9)
FNDA:1,(anonymous_10)
FNDA:3,(anonymous_11)
FNDA:1,(anonymous_12)
DA:5,9
DA:8,4
DA:11,2
DA:12,1
DA:14,1
DA:19,9
DA:20,9
DA:23,2
DA:26,4
DA:30,1
DA:31,0
DA:33,1
DA:36,5
DA:39,1
DA:40,1
DA:41,0
DA:48,2
DA:51,1
DA:55,3
DA:59,1
DA:60,1
DA:61,1
DA:63,1
DA:67,1
LF:24
LH:22
BRDA:11,0,0,1
BRDA:11,0,1,1
BRDA:30,1,0,0
BRDA:30,1,1,1
BRDA:40,2,0,0
BRDA:40,2,1,1
BRDA:60,3,0,1
BRDA:60,3,1,0
BRF:8
BRH:5
end_of_record
